root@f8aec2965a42:/app# valgrind --leak-check=full --show-leak-kinds=all ./target/debug/demo
==154== Memcheck, a memory error detector
==154== Copyright (C) 2002-2024, and GNU GPL'd, by Julian Seward et al.
==154== Using Valgrind-3.24.0 and LibVEX; rerun with -h for copyright info
==154== Command: ./target/debug/demo
==154==
sum\*even: 6
non-zero bytes: 3
normalize: helloworld
fib(20): 6765
dedup: [1, 2, 3, 4]
==154==
==154== HEAP SUMMARY:
==154== in use at exit: 548 bytes in 2 blocks
==154== total heap usage: 15 allocs, 13 frees, 3,714 bytes allocated
==154==
==154== 4 bytes in 1 blocks are definitely lost in loss record 1 of 2 # Ошибка definitely lost - утечка памяти
==154== at 0x4844818: malloc (vg\*replace*malloc.c:446)
==154== by 0x15E27E: alloc::raw_vec::RawVecInner<A>::try_allocate_in (in /app/target/debug/demo)
==154== by 0x12B767: alloc::raw_vec::RawVecInner<A>::with_capacity_in (mod.rs:419)
==154== by 0x1275E3: with_capacity_in<u8, alloc::alloc::Global> (mod.rs:187)
==154== by 0x1275E3: with_capacity_in<u8, alloc::alloc::Global> (mod.rs:913)
==154== by 0x1275E3: <T as alloc::slice::<impl [T]>::to_vec_in::ConvertVec>::to_vec (slice.rs:447)
==154== by 0x12758B: to_vec_in<u8, alloc::alloc::Global> (slice.rs:400)
==154== by 0x12758B: alloc::slice::<impl [T]>::to_vec (slice.rs:376)
==154== by 0x124B7C: broken_app::leak_buffer (lib.rs:25) # Строчка с указанием ошибки
==154== by 0x124869: demo::main (demo.rs:8)
==154== by 0x1245DA: core::ops::function::FnOnce::call_once (function.rs:250)
==154== by 0x1246DD: std::sys::backtrace::\_\_rust_begin_short_backtrace (backtrace.rs:160)
==154== by 0x1240D0: std::rt::lang_start::{{closure}} (rt.rs:206)
==154== by 0x139595: call_once<(), (dyn core::ops::function::Fn<(), Output=i32> + core::marker::Sync + core::panic::unwind_safe::RefUnwindSafe)> (function.rs:287)
==154== by 0x139595: do_call<&(dyn core::ops::function::Fn<(), Output=i32> + core::marker::Sync + core::panic::unwind_safe::RefUnwindSafe), i32> (panicking.rs:581)
==154== by 0x139595: catch_unwind<i32, &(dyn core::ops::function::Fn<(), Output=i32> + core::marker::Sync + core::panic::unwind_safe::RefUnwindSafe)> (panicking.rs:544)
==154== by 0x139595: catch_unwind<&(dyn core::ops::function::Fn<(), Output=i32> + core::marker::Sync + core::panic::unwind_safe::RefUnwindSafe), i32> (panic.rs:359)
==154== by 0x139595: {closure#0} (rt.rs:175)
==154== by 0x139595: do_call<std::rt::lang_start_internal::{closure_env#0}, isize> (panicking.rs:581)
==154== by 0x139595: catch_unwind<isize, std::rt::lang_start_internal::{closure_env#0}> (panicking.rs:544)
==154== by 0x139595: catch_unwind<std::rt::lang_start_internal::{closure_env#0}, isize> (panic.rs:359)
==154== by 0x139595: std::rt::lang_start_internal (rt.rs:171)
==154== by 0x1240B6: std::rt::lang_start (rt.rs:205)
==154==
==154== LEAK SUMMARY:
==154== definitely lost: 4 bytes in 1 blocks
==154== indirectly lost: 0 bytes in 0 blocks
==154== possibly lost: 0 bytes in 0 blocks
==154== still reachable: 544 bytes in 1 blocks
==154== suppressed: 0 bytes in 0 blocks
==154==
==154== For lists of detected and suppressed errors, rerun with: -s
==154== ERROR SUMMARY: 1 errors from 1 contexts (suppressed: 0 from 0)