RUSTFLAGS="-Z sanitizer=thread" \
> cargo +nightly test --tests \
> -Z build-std \
> --target x86_64-unknown-linux-gnu
    Finished `test` profile [unoptimized + debuginfo] target(s) in 0.07s
     Running unittests src/lib.rs (target/x86_64-unknown-linux-gnu/debug/deps/broken_app-e006d44bd77a1536)

running 6 tests
test algo::tests::dedup_preserves_uniques ... ok
test algo::tests::fast_fib_small_numbers ... ok
test algo::tests::slow_fib_small_numbers ... ok
test algo::tests::lib_fib_small_numbers ... ok
test concurrency::tests::test_reset_counter ... ok
test concurrency::tests::test_race_increment ... ok

test result: ok. 6 passed; 0 failed; 0 ignored; 0 measured; 0 filtered out; finished in 0.04s

     Running unittests src/bin/demo.rs (target/x86_64-unknown-linux-gnu/debug/deps/demo-762d4c92dfcef737)

running 0 tests

test result: ok. 0 passed; 0 failed; 0 ignored; 0 measured; 0 filtered out; finished in 0.00s

     Running tests/average_positive.rs (target/x86_64-unknown-linux-gnu/debug/deps/average_positive-de0b6b5ee68df646)

running 4 tests
test averages_no_positive ... ok
test averages_only_positive ... ok
test averages_positive_empty ... ok
test averages_positive_zeros ... ok

test result: ok. 4 passed; 0 failed; 0 ignored; 0 measured; 0 filtered out; finished in 0.00s

     Running tests/leak_buffer.rs (target/x86_64-unknown-linux-gnu/debug/deps/leak_buffer-6fdf6df44e3e94e3)

running 4 tests
test counts_empty_buffer ... ok
test counts_non_zero_bytes ... ok
test counts_one_byte ... ok
test counts_zero_bytes ... ok

test result: ok. 4 passed; 0 failed; 0 ignored; 0 measured; 0 filtered out; finished in 0.00s

     Running tests/normalize_text.rs (target/x86_64-unknown-linux-gnu/debug/deps/normalize_text-383f6ac0b64c80a9)

running 4 tests
test normalize_many_space ... ok
test normalize_others ... ok
test normalize_simple ... ok
test normalize_tabs ... ok

test result: ok. 4 passed; 0 failed; 0 ignored; 0 measured; 0 filtered out; finished in 0.00s

     Running tests/sum_even.rs (target/x86_64-unknown-linux-gnu/debug/deps/sum_even-714f4f5707712e70)

running 4 tests
test sums_empty ... ok
test sums_even_neg_numbers ... ok
test sums_even_pos_numbers ... ok
test sums_one ... ok

test result: ok. 4 passed; 0 failed; 0 ignored; 0 measured; 0 filtered out; finished in 0.00s