valgrind ./target/debug/demo
==228== Memcheck, a memory error detector
==228== Copyright (C) 2002-2024, and GNU GPL'd, by Julian Seward et al.
==228== Using Valgrind-3.24.0 and LibVEX; rerun with -h for copyright info
==228== Command: ./target/debug/demo
==228==
sum_even: 6
non-zero bytes: 3
normalize: helloworld
fib(30): 832040
dedup: [1, 2, 3, 4]
race: 100000
==228== 
==228== HEAP SUMMARY:
==228==     in use at exit: 544 bytes in 1 blocks
==228==   total heap usage: 951 allocs, 950 frees, 82,100 bytes allocated
==228==
==228== LEAK SUMMARY:
==228==    definitely lost: 0 bytes in 0 blocks
==228==    indirectly lost: 0 bytes in 0 blocks
==228==      possibly lost: 0 bytes in 0 blocks
==228==    still reachable: 544 bytes in 1 blocks
==228==         suppressed: 0 bytes in 0 blocks
==228== Rerun with --leak-check=full to see details of leaked memory
==228==
==228== For lists of detected and suppressed errors, rerun with: -s
==228== ERROR SUMMARY: 0 errors from 0 contexts (suppressed: 0 from 0)