valgrind ./target/debug/demo
==6140== Memcheck, a memory error detector
==6140== Copyright (C) 2002-2024, and GNU GPL'd, by Julian Seward et al.
==6140== Using Valgrind-3.24.0 and LibVEX; rerun with -h for copyright info
==6140== Command: ./target/debug/demo
==6140==
sum_even: 6
non-zero bytes: 3
normalize: helloworld
fib(30): 832040
dedup: [1, 2, 3, 4]
race: 100000
==6140== 
==6140== HEAP SUMMARY:
==6140==     in use at exit: 544 bytes in 1 blocks
==6140==   total heap usage: 951 allocs, 950 frees, 82,100 bytes allocated
==6140==
==6140== LEAK SUMMARY:
==6140==    definitely lost: 0 bytes in 0 blocks
==6140==    indirectly lost: 0 bytes in 0 blocks
==6140==      possibly lost: 0 bytes in 0 blocks
==6140==    still reachable: 544 bytes in 1 blocks
==6140==         suppressed: 0 bytes in 0 blocks
==6140== Rerun with --leak-check=full to see details of leaked memory
==6140==
==6140== For lists of detected and suppressed errors, rerun with: -s
==6140== ERROR SUMMARY: 0 errors from 0 contexts (suppressed: 0 from 0)